2025-04-12T16:47:38.051+02:00  INFO 22772 --- [WheelsShop] [restartedMain] org.wheelsshop.WheelsShopApplication     : Starting WheelsShopApplication using Java 17.0.14 with PID 22772 (D:\Documents\WheelsShop\target\classes started by Admin in D:\Documents\WheelsShop)
2025-04-12T16:47:38.055+02:00  INFO 22772 --- [WheelsShop] [restartedMain] org.wheelsshop.WheelsShopApplication     : No active profile set, falling back to 1 default profile: "default"
2025-04-12T16:47:38.107+02:00  INFO 22772 --- [WheelsShop] [restartedMain] .e.DevToolsPropertyDefaultsPostProcessor : Devtools property defaults active! Set 'spring.devtools.add-properties' to 'false' to disable
2025-04-12T16:47:38.108+02:00  INFO 22772 --- [WheelsShop] [restartedMain] .e.DevToolsPropertyDefaultsPostProcessor : For additional web related logging consider setting the 'logging.level.web' property to 'DEBUG'
2025-04-12T16:47:38.981+02:00  INFO 22772 --- [WheelsShop] [restartedMain] .s.d.r.c.RepositoryConfigurationDelegate : Multiple Spring Data modules found, entering strict repository configuration mode
2025-04-12T16:47:38.983+02:00  INFO 22772 --- [WheelsShop] [restartedMain] .s.d.r.c.RepositoryConfigurationDelegate : Bootstrapping Spring Data JPA repositories in DEFAULT mode.
2025-04-12T16:47:39.135+02:00  INFO 22772 --- [WheelsShop] [restartedMain] .s.d.r.c.RepositoryConfigurationDelegate : Finished Spring Data repository scanning in 134 ms. Found 4 JPA repository interfaces.
2025-04-12T16:47:39.157+02:00  INFO 22772 --- [WheelsShop] [restartedMain] .s.d.r.c.RepositoryConfigurationDelegate : Multiple Spring Data modules found, entering strict repository configuration mode
2025-04-12T16:47:39.160+02:00  INFO 22772 --- [WheelsShop] [restartedMain] .s.d.r.c.RepositoryConfigurationDelegate : Bootstrapping Spring Data Redis repositories in DEFAULT mode.
2025-04-12T16:47:39.174+02:00  INFO 22772 --- [WheelsShop] [restartedMain] .RepositoryConfigurationExtensionSupport : Spring Data Redis - Could not safely identify store assignment for repository candidate interface org.wheelsshop.repository.jpa.BrandJpaRepository; If you want this repository to be a Redis repository, consider annotating your entities with one of these annotations: org.springframework.data.redis.core.RedisHash (preferred), or consider extending one of the following types with your repository: org.springframework.data.keyvalue.repository.KeyValueRepository
2025-04-12T16:47:39.175+02:00  INFO 22772 --- [WheelsShop] [restartedMain] .RepositoryConfigurationExtensionSupport : Spring Data Redis - Could not safely identify store assignment for repository candidate interface org.wheelsshop.repository.jpa.CarJpaRepository; If you want this repository to be a Redis repository, consider annotating your entities with one of these annotations: org.springframework.data.redis.core.RedisHash (preferred), or consider extending one of the following types with your repository: org.springframework.data.keyvalue.repository.KeyValueRepository
2025-04-12T16:47:39.178+02:00  INFO 22772 --- [WheelsShop] [restartedMain] .RepositoryConfigurationExtensionSupport : Spring Data Redis - Could not safely identify store assignment for repository candidate interface org.wheelsshop.repository.jpa.OrderJpaRepository; If you want this repository to be a Redis repository, consider annotating your entities with one of these annotations: org.springframework.data.redis.core.RedisHash (preferred), or consider extending one of the following types with your repository: org.springframework.data.keyvalue.repository.KeyValueRepository
2025-04-12T16:47:39.179+02:00  INFO 22772 --- [WheelsShop] [restartedMain] .RepositoryConfigurationExtensionSupport : Spring Data Redis - Could not safely identify store assignment for repository candidate interface org.wheelsshop.repository.jpa.UserJpaRepository; If you want this repository to be a Redis repository, consider annotating your entities with one of these annotations: org.springframework.data.redis.core.RedisHash (preferred), or consider extending one of the following types with your repository: org.springframework.data.keyvalue.repository.KeyValueRepository
2025-04-12T16:47:39.179+02:00  INFO 22772 --- [WheelsShop] [restartedMain] .s.d.r.c.RepositoryConfigurationDelegate : Finished Spring Data repository scanning in 10 ms. Found 0 Redis repository interfaces.
2025-04-12T16:47:40.049+02:00  INFO 22772 --- [WheelsShop] [restartedMain] o.s.b.w.embedded.tomcat.TomcatWebServer  : Tomcat initialized with port 8080 (http)
2025-04-12T16:47:40.072+02:00  INFO 22772 --- [WheelsShop] [restartedMain] o.apache.catalina.core.StandardService   : Starting service [Tomcat]
2025-04-12T16:47:40.072+02:00  INFO 22772 --- [WheelsShop] [restartedMain] o.apache.catalina.core.StandardEngine    : Starting Servlet engine: [Apache Tomcat/10.1.39]
2025-04-12T16:47:40.135+02:00  INFO 22772 --- [WheelsShop] [restartedMain] o.a.c.c.C.[Tomcat].[localhost].[/]       : Initializing Spring embedded WebApplicationContext
2025-04-12T16:47:40.136+02:00  INFO 22772 --- [WheelsShop] [restartedMain] w.s.c.ServletWebServerApplicationContext : Root WebApplicationContext: initialization completed in 2027 ms
2025-04-12T16:47:40.335+02:00  INFO 22772 --- [WheelsShop] [restartedMain] o.hibernate.jpa.internal.util.LogHelper  : HHH000204: Processing PersistenceUnitInfo [name: default]
2025-04-12T16:47:40.427+02:00  INFO 22772 --- [WheelsShop] [restartedMain] org.hibernate.Version                    : HHH000412: Hibernate ORM core version 6.6.11.Final
2025-04-12T16:47:40.476+02:00  INFO 22772 --- [WheelsShop] [restartedMain] o.h.c.internal.RegionFactoryInitiator    : HHH000026: Second-level cache disabled
2025-04-12T16:47:40.811+02:00  INFO 22772 --- [WheelsShop] [restartedMain] o.s.o.j.p.SpringPersistenceUnitInfo      : No LoadTimeWeaver setup: ignoring JPA class transformer
2025-04-12T16:47:40.848+02:00  INFO 22772 --- [WheelsShop] [restartedMain] com.zaxxer.hikari.HikariDataSource       : HikariPool-1 - Starting...
2025-04-12T16:47:41.051+02:00  INFO 22772 --- [WheelsShop] [restartedMain] com.zaxxer.hikari.pool.HikariPool        : HikariPool-1 - Added connection org.postgresql.jdbc.PgConnection@3c16f0c
2025-04-12T16:47:41.053+02:00  INFO 22772 --- [WheelsShop] [restartedMain] com.zaxxer.hikari.HikariDataSource       : HikariPool-1 - Start completed.
2025-04-12T16:47:41.163+02:00  INFO 22772 --- [WheelsShop] [restartedMain] org.hibernate.orm.connections.pooling    : HHH10001005: Database info:
	Database JDBC URL [Connecting through datasource 'HikariDataSource (HikariPool-1)']
	Database driver: undefined/unknown
	Database version: 16.4
	Autocommit mode: undefined/unknown
	Isolation level: undefined/unknown
	Minimum pool size: undefined/unknown
	Maximum pool size: undefined/unknown
2025-04-12T16:47:41.408+02:00  WARN 22772 --- [WheelsShop] [restartedMain] o.h.b.i.InFlightMetadataCollectorImpl    : HHH000069: Duplicate generator name generator
2025-04-12T16:47:41.416+02:00  WARN 22772 --- [WheelsShop] [restartedMain] o.h.b.i.InFlightMetadataCollectorImpl    : HHH000069: Duplicate generator name generator
2025-04-12T16:47:41.420+02:00  WARN 22772 --- [WheelsShop] [restartedMain] o.h.b.i.InFlightMetadataCollectorImpl    : HHH000069: Duplicate generator name generator
2025-04-12T16:47:42.367+02:00  INFO 22772 --- [WheelsShop] [restartedMain] o.h.e.t.j.p.i.JtaPlatformInitiator       : HHH000489: No JTA platform available (set 'hibernate.transaction.jta.platform' to enable JTA platform integration)
2025-04-12T16:47:42.772+02:00  INFO 22772 --- [WheelsShop] [restartedMain] j.LocalContainerEntityManagerFactoryBean : Initialized JPA EntityManagerFactory for persistence unit 'default'
2025-04-12T16:47:43.394+02:00  INFO 22772 --- [WheelsShop] [restartedMain] org.wheelsshop.aspects.LoggerAspect      : RedisConfig.redisTemplate(..) starts execution
2025-04-12T16:47:43.449+02:00  INFO 22772 --- [WheelsShop] [restartedMain] org.wheelsshop.aspects.LoggerAspect      : RedisConfig.redisTemplate(..) returns org.springframework.data.redis.core.RedisTemplate@6502c286
2025-04-12T16:47:43.450+02:00  INFO 22772 --- [WheelsShop] [restartedMain] org.wheelsshop.aspects.LoggerAspect      : duration: 56 ms
2025-04-12T16:47:43.450+02:00  INFO 22772 --- [WheelsShop] [restartedMain] org.wheelsshop.aspects.LoggerAspect      : RedisConfig.redisTemplate(..) ends execution
2025-04-12T16:47:43.531+02:00  WARN 22772 --- [WheelsShop] [restartedMain] JpaBaseConfiguration$JpaWebConfiguration : spring.jpa.open-in-view is enabled by default. Therefore, database queries may be performed during view rendering. Explicitly configure spring.jpa.open-in-view to disable this warning
2025-04-12T16:47:44.226+02:00  INFO 22772 --- [WheelsShop] [restartedMain] o.s.b.d.a.OptionalLiveReloadServer       : LiveReload server is running on port 35729
2025-04-12T16:47:44.269+02:00  INFO 22772 --- [WheelsShop] [restartedMain] o.s.b.w.embedded.tomcat.TomcatWebServer  : Tomcat started on port 8080 (http) with context path '/'
2025-04-12T16:47:44.281+02:00  INFO 22772 --- [WheelsShop] [restartedMain] org.wheelsshop.WheelsShopApplication     : Started WheelsShopApplication in 6.811 seconds (process running for 7.97)
2025-04-12T16:48:14.091+02:00  INFO 22772 --- [WheelsShop] [SpringApplicationShutdownHook] o.s.b.w.e.tomcat.GracefulShutdown        : Commencing graceful shutdown. Waiting for active requests to complete
2025-04-12T16:48:14.152+02:00  INFO 22772 --- [WheelsShop] [tomcat-shutdown] o.s.b.w.e.tomcat.GracefulShutdown        : Graceful shutdown complete
2025-04-12T16:48:14.171+02:00  INFO 22772 --- [WheelsShop] [SpringApplicationShutdownHook] j.LocalContainerEntityManagerFactoryBean : Closing JPA EntityManagerFactory for persistence unit 'default'
2025-04-12T16:48:14.175+02:00  INFO 22772 --- [WheelsShop] [SpringApplicationShutdownHook] com.zaxxer.hikari.HikariDataSource       : HikariPool-1 - Shutdown initiated...
2025-04-12T16:48:14.179+02:00  INFO 22772 --- [WheelsShop] [SpringApplicationShutdownHook] com.zaxxer.hikari.HikariDataSource       : HikariPool-1 - Shutdown completed.
